{"C:\\Users\\keyla\\OneDrive\\Desktop\\projeto 2\\api-financas\\src\\middlewares\\auth.middleware.ts": {"path":"C:\\Users\\keyla\\OneDrive\\Desktop\\projeto 2\\api-financas\\src\\middlewares\\auth.middleware.ts","statementMap":{"0":{"start":{"line":2,"column":0},"end":{"line":2,"column":31}},"1":{"start":{"line":13,"column":30},"end":{"line":35,"column":1}},"2":{"start":{"line":14,"column":23},"end":{"line":14,"column":48}},"3":{"start":{"line":16,"column":4},"end":{"line":18,"column":5}},"4":{"start":{"line":17,"column":8},"end":{"line":17,"column":70}},"5":{"start":{"line":20,"column":22},"end":{"line":20,"column":43}},"6":{"start":{"line":22,"column":4},"end":{"line":24,"column":5}},"7":{"start":{"line":23,"column":8},"end":{"line":23,"column":70}},"8":{"start":{"line":26,"column":4},"end":{"line":34,"column":5}},"9":{"start":{"line":27,"column":24},"end":{"line":27,"column":102}},"10":{"start":{"line":29,"column":8},"end":{"line":29,"column":35}},"11":{"start":{"line":31,"column":8},"end":{"line":31,"column":22}},"12":{"start":{"line":33,"column":8},"end":{"line":33,"column":null}},"13":{"start":{"line":13,"column":13},"end":{"line":13,"column":30}}},"fnMap":{"0":{"name":"(anonymous_1)","decl":{"start":{"line":13,"column":30},"end":{"line":13,"column":31}},"loc":{"start":{"line":13,"column":88},"end":{"line":35,"column":1}}}},"branchMap":{"0":{"loc":{"start":{"line":16,"column":4},"end":{"line":18,"column":5}},"type":"if","locations":[{"start":{"line":16,"column":4},"end":{"line":18,"column":5}},{"start":{},"end":{}}]},"1":{"loc":{"start":{"line":22,"column":4},"end":{"line":24,"column":5}},"type":"if","locations":[{"start":{"line":22,"column":4},"end":{"line":24,"column":5}},{"start":{},"end":{}}]}},"s":{"0":1,"1":1,"2":4,"3":4,"4":1,"5":3,"6":3,"7":1,"8":2,"9":2,"10":1,"11":1,"12":1,"13":1},"f":{"0":4},"b":{"0":[1,3],"1":[1,2]}}
,"C:\\Users\\keyla\\OneDrive\\Desktop\\projeto 2\\api-financas\\src\\middlewares\\validate.middleware.ts": {"path":"C:\\Users\\keyla\\OneDrive\\Desktop\\projeto 2\\api-financas\\src\\middlewares\\validate.middleware.ts","statementMap":{"0":{"start":{"line":2,"column":0},"end":{"line":2,"column":34}},"1":{"start":{"line":4,"column":24},"end":{"line":24,"column":1}},"2":{"start":{"line":5,"column":4},"end":{"line":23,"column":6}},"3":{"start":{"line":6,"column":8},"end":{"line":22,"column":9}},"4":{"start":{"line":7,"column":12},"end":{"line":7,"column":35}},"5":{"start":{"line":8,"column":12},"end":{"line":8,"column":26}},"6":{"start":{"line":10,"column":12},"end":{"line":19,"column":13}},"7":{"start":{"line":11,"column":32},"end":{"line":11,"column":53}},"8":{"start":{"line":13,"column":40},"end":{"line":16,"column":19}},"9":{"start":{"line":13,"column":74},"end":{"line":16,"column":18}},"10":{"start":{"line":18,"column":16},"end":{"line":18,"column":72}},"11":{"start":{"line":21,"column":12},"end":{"line":21,"column":79}},"12":{"start":{"line":4,"column":13},"end":{"line":4,"column":24}}},"fnMap":{"0":{"name":"(anonymous_0)","decl":{"start":{"line":4,"column":24},"end":{"line":4,"column":25}},"loc":{"start":{"line":4,"column":49},"end":{"line":24,"column":1}}},"1":{"name":"(anonymous_1)","decl":{"start":{"line":5,"column":11},"end":{"line":5,"column":12}},"loc":{"start":{"line":5,"column":63},"end":{"line":23,"column":5}}},"2":{"name":"(anonymous_2)","decl":{"start":{"line":13,"column":59},"end":{"line":13,"column":60}},"loc":{"start":{"line":13,"column":74},"end":{"line":16,"column":18}}}},"branchMap":{"0":{"loc":{"start":{"line":10,"column":12},"end":{"line":19,"column":13}},"type":"if","locations":[{"start":{"line":10,"column":12},"end":{"line":19,"column":13}},{"start":{},"end":{}}]}},"s":{"0":1,"1":1,"2":3,"3":3,"4":3,"5":1,"6":2,"7":1,"8":1,"9":1,"10":1,"11":1,"12":1},"f":{"0":3,"1":3,"2":1},"b":{"0":[1,1]}}
,"C:\\Users\\keyla\\OneDrive\\Desktop\\projeto 2\\api-financas\\src\\services\\TransacaoService.ts": {"path":"C:\\Users\\keyla\\OneDrive\\Desktop\\projeto 2\\api-financas\\src\\services\\TransacaoService.ts","statementMap":{"0":{"start":{"line":1,"column":0},"end":{"line":1,"column":77}},"1":{"start":{"line":2,"column":0},"end":{"line":2,"column":40}},"2":{"start":{"line":5,"column":24},"end":{"line":5,"column":64}},"3":{"start":{"line":8,"column":22},"end":{"line":8,"column":41}},"4":{"start":{"line":10,"column":8},"end":{"line":12,"column":9}},"5":{"start":{"line":11,"column":12},"end":{"line":11,"column":64}},"6":{"start":{"line":14,"column":32},"end":{"line":14,"column":75}},"7":{"start":{"line":16,"column":8},"end":{"line":16,"column":31}},"8":{"start":{"line":20,"column":21},"end":{"line":20,"column":42}},"9":{"start":{"line":21,"column":21},"end":{"line":21,"column":27}},"10":{"start":{"line":23,"column":52},"end":{"line":23,"column":54}},"11":{"start":{"line":25,"column":8},"end":{"line":34,"column":9}},"12":{"start":{"line":26,"column":32},"end":{"line":26,"column":57}},"13":{"start":{"line":28,"column":30},"end":{"line":28,"column":51}},"14":{"start":{"line":30,"column":12},"end":{"line":33,"column":14}},"15":{"start":{"line":36,"column":26},"end":{"line":36,"column":105}},"16":{"start":{"line":38,"column":8},"end":{"line":46,"column":10}},"17":{"start":{"line":50,"column":26},"end":{"line":50,"column":83}},"18":{"start":{"line":52,"column":8},"end":{"line":54,"column":9}},"19":{"start":{"line":53,"column":12},"end":{"line":53,"column":74}},"20":{"start":{"line":56,"column":8},"end":{"line":56,"column":25}},"21":{"start":{"line":60,"column":8},"end":{"line":60,"column":46}},"22":{"start":{"line":62,"column":36},"end":{"line":62,"column":87}},"23":{"start":{"line":64,"column":8},"end":{"line":64,"column":35}},"24":{"start":{"line":68,"column":8},"end":{"line":68,"column":46}},"25":{"start":{"line":70,"column":8},"end":{"line":70,"column":51}},"26":{"start":{"line":74,"column":28},"end":{"line":74,"column":84}},"27":{"start":{"line":76,"column":28},"end":{"line":76,"column":29}},"28":{"start":{"line":77,"column":26},"end":{"line":77,"column":27}},"29":{"start":{"line":79,"column":8},"end":{"line":87,"column":9}},"30":{"start":{"line":80,"column":25},"end":{"line":80,"column":72}},"31":{"start":{"line":82,"column":12},"end":{"line":86,"column":13}},"32":{"start":{"line":83,"column":16},"end":{"line":83,"column":38}},"33":{"start":{"line":84,"column":19},"end":{"line":86,"column":13}},"34":{"start":{"line":85,"column":16},"end":{"line":85,"column":36}},"35":{"start":{"line":89,"column":27},"end":{"line":89,"column":54}},"36":{"start":{"line":91,"column":8},"end":{"line":95,"column":10}},"37":{"start":{"line":4,"column":0},"end":{"line":4,"column":13}}},"fnMap":{"0":{"name":"(anonymous_0)","decl":{"start":{"line":5,"column":4},"end":{"line":5,"column":24}},"loc":{"start":{"line":5,"column":64},"end":{"line":5,"column":68}}},"1":{"name":"(anonymous_1)","decl":{"start":{"line":7,"column":4},"end":{"line":7,"column":9}},"loc":{"start":{"line":7,"column":60},"end":{"line":17,"column":5}}},"2":{"name":"(anonymous_2)","decl":{"start":{"line":19,"column":4},"end":{"line":19,"column":9}},"loc":{"start":{"line":19,"column":113},"end":{"line":47,"column":5}}},"3":{"name":"(anonymous_3)","decl":{"start":{"line":49,"column":4},"end":{"line":49,"column":9}},"loc":{"start":{"line":49,"column":51},"end":{"line":57,"column":5}}},"4":{"name":"(anonymous_4)","decl":{"start":{"line":59,"column":4},"end":{"line":59,"column":9}},"loc":{"start":{"line":59,"column":85},"end":{"line":65,"column":5}}},"5":{"name":"(anonymous_5)","decl":{"start":{"line":67,"column":4},"end":{"line":67,"column":9}},"loc":{"start":{"line":67,"column":47},"end":{"line":71,"column":5}}},"6":{"name":"(anonymous_6)","decl":{"start":{"line":73,"column":4},"end":{"line":73,"column":9}},"loc":{"start":{"line":73,"column":42},"end":{"line":96,"column":5}}}},"branchMap":{"0":{"loc":{"start":{"line":10,"column":8},"end":{"line":12,"column":9}},"type":"if","locations":[{"start":{"line":10,"column":8},"end":{"line":12,"column":9}},{"start":{},"end":{}}]},"1":{"loc":{"start":{"line":19,"column":46},"end":{"line":19,"column":64}},"type":"default-arg","locations":[{"start":{"line":19,"column":63},"end":{"line":19,"column":64}}]},"2":{"loc":{"start":{"line":19,"column":66},"end":{"line":19,"column":85}},"type":"default-arg","locations":[{"start":{"line":19,"column":83},"end":{"line":19,"column":85}}]},"3":{"loc":{"start":{"line":25,"column":8},"end":{"line":34,"column":9}},"type":"if","locations":[{"start":{"line":25,"column":8},"end":{"line":34,"column":9}},{"start":{},"end":{}}]},"4":{"loc":{"start":{"line":25,"column":12},"end":{"line":25,"column":22}},"type":"binary-expr","locations":[{"start":{"line":25,"column":12},"end":{"line":25,"column":15}},{"start":{"line":25,"column":19},"end":{"line":25,"column":22}}]},"5":{"loc":{"start":{"line":52,"column":8},"end":{"line":54,"column":9}},"type":"if","locations":[{"start":{"line":52,"column":8},"end":{"line":54,"column":9}},{"start":{},"end":{}}]},"6":{"loc":{"start":{"line":80,"column":25},"end":{"line":80,"column":72}},"type":"cond-expr","locations":[{"start":{"line":80,"column":44},"end":{"line":80,"column":68}},{"start":{"line":80,"column":71},"end":{"line":80,"column":72}}]},"7":{"loc":{"start":{"line":82,"column":12},"end":{"line":86,"column":13}},"type":"if","locations":[{"start":{"line":82,"column":12},"end":{"line":86,"column":13}},{"start":{"line":84,"column":19},"end":{"line":86,"column":13}}]},"8":{"loc":{"start":{"line":84,"column":19},"end":{"line":86,"column":13}},"type":"if","locations":[{"start":{"line":84,"column":19},"end":{"line":86,"column":13}},{"start":{},"end":{}}]}},"s":{"0":1,"1":1,"2":12,"3":2,"4":2,"5":1,"6":1,"7":1,"8":2,"9":2,"10":2,"11":2,"12":1,"13":1,"14":1,"15":2,"16":2,"17":4,"18":4,"19":1,"20":3,"21":1,"22":1,"23":1,"24":1,"25":1,"26":4,"27":4,"28":4,"29":4,"30":4,"31":4,"32":2,"33":2,"34":2,"35":4,"36":4,"37":1},"f":{"0":12,"1":2,"2":2,"3":4,"4":1,"5":1,"6":4},"b":{"0":[1,1],"1":[1],"2":[1],"3":[1,1],"4":[2,1],"5":[1,3],"6":[2,2],"7":[2,2],"8":[2,0]}}
,"C:\\Users\\keyla\\OneDrive\\Desktop\\projeto 2\\api-financas\\src\\services\\UsuarioService.ts": {"path":"C:\\Users\\keyla\\OneDrive\\Desktop\\projeto 2\\api-financas\\src\\services\\UsuarioService.ts","statementMap":{"0":{"start":{"line":1,"column":0},"end":{"line":1,"column":28}},"1":{"start":{"line":2,"column":0},"end":{"line":2,"column":31}},"2":{"start":{"line":3,"column":0},"end":{"line":3,"column":73}},"3":{"start":{"line":4,"column":0},"end":{"line":4,"column":40}},"4":{"start":{"line":12,"column":24},"end":{"line":12,"column":60}},"5":{"start":{"line":15,"column":22},"end":{"line":15,"column":33}},"6":{"start":{"line":17,"column":31},"end":{"line":17,"column":81}},"7":{"start":{"line":19,"column":8},"end":{"line":21,"column":9}},"8":{"start":{"line":20,"column":12},"end":{"line":20,"column":53}},"9":{"start":{"line":23,"column":26},"end":{"line":23,"column":60}},"10":{"start":{"line":25,"column":28},"end":{"line":29,"column":10}},"11":{"start":{"line":31,"column":30},"end":{"line":31,"column":77}},"12":{"start":{"line":33,"column":46},"end":{"line":33,"column":59}},"13":{"start":{"line":34,"column":8},"end":{"line":34,"column":31}},"14":{"start":{"line":38,"column":24},"end":{"line":38,"column":80}},"15":{"start":{"line":40,"column":8},"end":{"line":42,"column":9}},"16":{"start":{"line":41,"column":12},"end":{"line":41,"column":54}},"17":{"start":{"line":44,"column":28},"end":{"line":44,"column":76}},"18":{"start":{"line":46,"column":8},"end":{"line":48,"column":9}},"19":{"start":{"line":47,"column":12},"end":{"line":47,"column":54}},"20":{"start":{"line":50,"column":22},"end":{"line":50,"column":105}},"21":{"start":{"line":52,"column":8},"end":{"line":52,"column":25}},"22":{"start":{"line":11,"column":0},"end":{"line":11,"column":13}}},"fnMap":{"0":{"name":"(anonymous_1)","decl":{"start":{"line":12,"column":4},"end":{"line":12,"column":24}},"loc":{"start":{"line":12,"column":60},"end":{"line":12,"column":64}}},"1":{"name":"(anonymous_2)","decl":{"start":{"line":14,"column":4},"end":{"line":14,"column":9}},"loc":{"start":{"line":14,"column":48},"end":{"line":35,"column":5}}},"2":{"name":"(anonymous_3)","decl":{"start":{"line":37,"column":4},"end":{"line":37,"column":9}},"loc":{"start":{"line":37,"column":31},"end":{"line":53,"column":5}}}},"branchMap":{"0":{"loc":{"start":{"line":19,"column":8},"end":{"line":21,"column":9}},"type":"if","locations":[{"start":{"line":19,"column":8},"end":{"line":21,"column":9}},{"start":{},"end":{}}]},"1":{"loc":{"start":{"line":40,"column":8},"end":{"line":42,"column":9}},"type":"if","locations":[{"start":{"line":40,"column":8},"end":{"line":42,"column":9}},{"start":{},"end":{}}]},"2":{"loc":{"start":{"line":46,"column":8},"end":{"line":48,"column":9}},"type":"if","locations":[{"start":{"line":46,"column":8},"end":{"line":48,"column":9}},{"start":{},"end":{}}]}},"s":{"0":1,"1":1,"2":1,"3":1,"4":5,"5":2,"6":2,"7":2,"8":1,"9":1,"10":1,"11":1,"12":1,"13":1,"14":3,"15":3,"16":1,"17":2,"18":2,"19":1,"20":1,"21":1,"22":1},"f":{"0":5,"1":2,"2":3},"b":{"0":[1,1],"1":[1,2],"2":[1,1]}}
}
