TN:
SF:src\middlewares\auth.middleware.ts
FN:13,(anonymous_1)
FNF:1
FNH:1
FNDA:4,(anonymous_1)
DA:2,1
DA:13,1
DA:14,4
DA:16,4
DA:17,1
DA:20,3
DA:22,3
DA:23,1
DA:26,2
DA:27,2
DA:29,1
DA:31,1
DA:33,1
LF:13
LH:13
BRDA:16,0,0,1
BRDA:16,0,1,3
BRDA:22,1,0,1
BRDA:22,1,1,2
BRF:4
BRH:4
end_of_record
TN:
SF:src\middlewares\validate.middleware.ts
FN:4,(anonymous_0)
FN:5,(anonymous_1)
FN:13,(anonymous_2)
FNF:3
FNH:3
FNDA:3,(anonymous_0)
FNDA:3,(anonymous_1)
FNDA:1,(anonymous_2)
DA:2,1
DA:4,1
DA:5,3
DA:6,3
DA:7,3
DA:8,1
DA:10,2
DA:11,1
DA:13,1
DA:18,1
DA:21,1
LF:11
LH:11
BRDA:10,0,0,1
BRDA:10,0,1,1
BRF:2
BRH:2
end_of_record
TN:
SF:src\services\TransacaoService.ts
FN:5,(anonymous_0)
FN:7,(anonymous_1)
FN:19,(anonymous_2)
FN:49,(anonymous_3)
FN:59,(anonymous_4)
FN:67,(anonymous_5)
FN:73,(anonymous_6)
FNF:7
FNH:7
FNDA:12,(anonymous_0)
FNDA:2,(anonymous_1)
FNDA:2,(anonymous_2)
FNDA:4,(anonymous_3)
FNDA:1,(anonymous_4)
FNDA:1,(anonymous_5)
FNDA:4,(anonymous_6)
DA:1,1
DA:2,1
DA:4,1
DA:5,12
DA:8,2
DA:10,2
DA:11,1
DA:14,1
DA:16,1
DA:20,2
DA:21,2
DA:23,2
DA:25,2
DA:26,1
DA:28,1
DA:30,1
DA:36,2
DA:38,2
DA:50,4
DA:52,4
DA:53,1
DA:56,3
DA:60,1
DA:62,1
DA:64,1
DA:68,1
DA:70,1
DA:74,4
DA:76,4
DA:77,4
DA:79,4
DA:80,4
DA:82,4
DA:83,2
DA:84,2
DA:85,2
DA:89,4
DA:91,4
LF:38
LH:38
BRDA:10,0,0,1
BRDA:10,0,1,1
BRDA:19,1,0,1
BRDA:19,2,0,1
BRDA:25,3,0,1
BRDA:25,3,1,1
BRDA:25,4,0,2
BRDA:25,4,1,1
BRDA:52,5,0,1
BRDA:52,5,1,3
BRDA:80,6,0,2
BRDA:80,6,1,2
BRDA:82,7,0,2
BRDA:82,7,1,2
BRDA:84,8,0,2
BRDA:84,8,1,0
BRF:16
BRH:15
end_of_record
TN:
SF:src\services\UsuarioService.ts
FN:12,(anonymous_1)
FN:14,(anonymous_2)
FN:37,(anonymous_3)
FNF:3
FNH:3
FNDA:5,(anonymous_1)
FNDA:2,(anonymous_2)
FNDA:3,(anonymous_3)
DA:1,1
DA:2,1
DA:3,1
DA:4,1
DA:11,1
DA:12,5
DA:15,2
DA:17,2
DA:19,2
DA:20,1
DA:23,1
DA:25,1
DA:31,1
DA:33,1
DA:34,1
DA:38,3
DA:40,3
DA:41,1
DA:44,2
DA:46,2
DA:47,1
DA:50,1
DA:52,1
LF:23
LH:23
BRDA:19,0,0,1
BRDA:19,0,1,1
BRDA:40,1,0,1
BRDA:40,1,1,2
BRDA:46,2,0,1
BRDA:46,2,1,1
BRF:6
BRH:6
end_of_record
